[1m============================= test session starts ==============================[0m
platform linux -- Python 3.13.5, pytest-9.0.2, pluggy-1.6.0
rootdir: /mnt/data/minaduki_x_codex_os
plugins: ddtrace-4.4.0, json-report-1.5.0, Faker-40.1.2, anyio-4.13.0, cov-7.0.0, metadata-3.1.1, asyncio-1.3.0
asyncio: mode=Mode.STRICT, debug=False, asyncio_default_fixture_loop_scope=None, asyncio_default_test_loop_scope=function
collected 4 items

tests/test_x_analyzer.py [32m.[0m[32m.[0m[32m.[0m[32m.[0m[32m                                            [100%][0m

[32m============================== [32m[1m4 passed[0m[32m in 0.35s[0m[32m ===============================[0m

Spreadsheet runtime warmup failed during python startup
Traceback (most recent call last):
  File "/tmp/tmp.9eeVjt35CN/artifact_tool_v2-2.7.5/artifact_tool/patches/warm_spreadsheet_runtime_on_startup.py", line 26, in warm_spreadsheet_runtime_on_startup
  File "/tmp/tmp.9eeVjt35CN/artifact_tool_v2-2.7.5/artifact_tool/spreadsheet_warmup.py", line 785, in warm_spreadsheet_runtime
  File "/tmp/tmp.9eeVjt35CN/artifact_tool_v2-2.7.5/artifact_tool/spreadsheet_warmup.py", line 720, in _warm_feature_flows
  File "/tmp/tmp.9eeVjt35CN/artifact_tool_v2-2.7.5/artifact_tool/spreadsheet_warmup.py", line 704, in _warm_collaboration_flows
  File "/tmp/tmp.9eeVjt35CN/artifact_tool_v2-2.7.5/artifact_tool/generated/interface/models.py", line 48821, in hydrate_crdt_from_proto
  File "/tmp/tmp.9eeVjt35CN/artifact_tool_v2-2.7.5/artifact_tool/rpc/remote.py", line 747, in __call__
  File "/tmp/tmp.9eeVjt35CN/artifact_tool_v2-2.7.5/artifact_tool/rpc/client.py", line 150, in call
artifact_tool.rpc.client.RemoteError: hydrateCrdtFromProto requires an empty collaborative document.
